<?xml version="1.0" encoding="UTF-8"?>
<testng-results ignored="0" total="3" passed="2" failed="1" skipped="0">
  <reporter-output>
  </reporter-output>
  <suite started-at="2023-01-30T10:37:29 BDT" name="Suite" finished-at="2023-01-30T10:38:40 BDT" duration-ms="70842">
    <groups>
    </groups>
    <test started-at="2023-01-30T10:37:29 BDT" name="Test" finished-at="2023-01-30T10:38:40 BDT" duration-ms="70842">
      <class name="testCase.TestCases">
        <test-method is-config="true" signature="setUp()[pri:0, instance:testCase.TestCases@4c371370]" started-at="2023-01-30T10:37:29 BDT" name="setUp" finished-at="2023-01-30T10:37:43 BDT" duration-ms="14006" status="PASS">
          <reporter-output>
          </reporter-output>
        </test-method> <!-- setUp -->
        <test-method signature="LoginTest(java.lang.String,java.lang.String)[pri:0, instance:testCase.TestCases@4c371370]" started-at="2023-01-30T10:37:43 BDT" name="LoginTest" data-provider="testdata" finished-at="2023-01-30T10:38:01 BDT" duration-ms="18523" status="PASS">
          <params>
            <param index="0">
              <value>
                <![CDATA[rahman@gmail.com]]>
              </value>
            </param>
            <param index="1">
              <value>
                <![CDATA[password1]]>
              </value>
            </param>
          </params>
          <reporter-output>
          </reporter-output>
        </test-method> <!-- LoginTest -->
        <test-method is-config="true" signature="tearDown()[pri:0, instance:testCase.TestCases@4c371370]" started-at="2023-01-30T10:38:01 BDT" name="tearDown" finished-at="2023-01-30T10:38:02 BDT" duration-ms="222" status="PASS">
          <reporter-output>
          </reporter-output>
        </test-method> <!-- tearDown -->
        <test-method is-config="true" signature="setUp()[pri:0, instance:testCase.TestCases@4c371370]" started-at="2023-01-30T10:38:02 BDT" name="setUp" finished-at="2023-01-30T10:38:07 BDT" duration-ms="5812" status="PASS">
          <reporter-output>
          </reporter-output>
        </test-method> <!-- setUp -->
        <test-method signature="LoginTest(java.lang.String,java.lang.String)[pri:0, instance:testCase.TestCases@4c371370]" started-at="2023-01-30T10:38:07 BDT" name="LoginTest" data-provider="testdata" finished-at="2023-01-30T10:38:14 BDT" duration-ms="7039" status="FAIL">
          <params>
            <param index="0">
              <value>
                <![CDATA[rahman64@gmail.com]]>
              </value>
            </param>
            <param index="1">
              <value>
                <![CDATA[pasrd123@M]]>
              </value>
            </param>
          </params>
          <exception class="org.openqa.selenium.ElementNotInteractableException">
            <message>
              <![CDATA[element not interactable
  (Session info: chrome=109.0.5414.120)
Build info: version: '4.8.0', revision: '267030adea'
System info: os.name: 'Windows 10', os.arch: 'amd64', os.version: '10.0', java.version: '19.0.1'
Driver info: org.openqa.selenium.chrome.ChromeDriver
Command: [cc813bdfc7e799c4b51643d03ac544b2, sendKeysToElement {id=b60e6e70-f329-4489-8c3d-13fb2aca992d, value=[Ljava.lang.CharSequence;@4d157493}]
Capabilities {acceptInsecureCerts: false, browserName: chrome, browserVersion: 109.0.5414.120, chrome: {chromedriverVersion: 109.0.5414.74 (e7c5703604da..., userDataDir: C:\Users\AMCS\AppData\Local...}, goog:chromeOptions: {debuggerAddress: localhost:7659}, networkConnectionEnabled: false, pageLoadStrategy: normal, platformName: WINDOWS, proxy: Proxy(), se:cdp: ws://localhost:7659/devtool..., se:cdpVersion: 109.0.5414.120, setWindowRect: true, strictFileInteractability: false, timeouts: {implicit: 0, pageLoad: 300000, script: 30000}, unhandledPromptBehavior: dismiss and notify, webauthn:extension:credBlob: true, webauthn:extension:largeBlob: true, webauthn:virtualAuthenticators: true}
Element: [[ChromeDriver: chrome on WINDOWS (cc813bdfc7e799c4b51643d03ac544b2)] -> xpath: //input[@id='password']]
Session ID: cc813bdfc7e799c4b51643d03ac544b2]]>
            </message>
            <full-stacktrace>
              <![CDATA[org.openqa.selenium.ElementNotInteractableException: element not interactable
  (Session info: chrome=109.0.5414.120)
Build info: version: '4.8.0', revision: '267030adea'
System info: os.name: 'Windows 10', os.arch: 'amd64', os.version: '10.0', java.version: '19.0.1'
Driver info: org.openqa.selenium.chrome.ChromeDriver
Command: [cc813bdfc7e799c4b51643d03ac544b2, sendKeysToElement {id=b60e6e70-f329-4489-8c3d-13fb2aca992d, value=[Ljava.lang.CharSequence;@4d157493}]
Capabilities {acceptInsecureCerts: false, browserName: chrome, browserVersion: 109.0.5414.120, chrome: {chromedriverVersion: 109.0.5414.74 (e7c5703604da..., userDataDir: C:\Users\AMCS\AppData\Local...}, goog:chromeOptions: {debuggerAddress: localhost:7659}, networkConnectionEnabled: false, pageLoadStrategy: normal, platformName: WINDOWS, proxy: Proxy(), se:cdp: ws://localhost:7659/devtool..., se:cdpVersion: 109.0.5414.120, setWindowRect: true, strictFileInteractability: false, timeouts: {implicit: 0, pageLoad: 300000, script: 30000}, unhandledPromptBehavior: dismiss and notify, webauthn:extension:credBlob: true, webauthn:extension:largeBlob: true, webauthn:virtualAuthenticators: true}
Element: [[ChromeDriver: chrome on WINDOWS (cc813bdfc7e799c4b51643d03ac544b2)] -> xpath: //input[@id='password']]
Session ID: cc813bdfc7e799c4b51643d03ac544b2
at java.base/jdk.internal.reflect.DirectConstructorHandleAccessor.newInstance(DirectConstructorHandleAccessor.java:67)
at java.base/java.lang.reflect.Constructor.newInstanceWithCaller(Constructor.java:500)
at java.base/java.lang.reflect.Constructor.newInstance(Constructor.java:484)
at org.openqa.selenium.remote.codec.w3c.W3CHttpResponseCodec.createException(W3CHttpResponseCodec.java:200)
at org.openqa.selenium.remote.codec.w3c.W3CHttpResponseCodec.decode(W3CHttpResponseCodec.java:133)
at org.openqa.selenium.remote.codec.w3c.W3CHttpResponseCodec.decode(W3CHttpResponseCodec.java:53)
at org.openqa.selenium.remote.HttpCommandExecutor.execute(HttpCommandExecutor.java:184)
at org.openqa.selenium.remote.service.DriverCommandExecutor.invokeExecute(DriverCommandExecutor.java:167)
at org.openqa.selenium.remote.service.DriverCommandExecutor.execute(DriverCommandExecutor.java:142)
at org.openqa.selenium.remote.RemoteWebDriver.execute(RemoteWebDriver.java:543)
at org.openqa.selenium.remote.RemoteWebElement.execute(RemoteWebElement.java:257)
at org.openqa.selenium.remote.RemoteWebElement.sendKeys(RemoteWebElement.java:113)
at testCase.TestCases.LoginTest(TestCases.java:19)
at java.base/jdk.internal.reflect.DirectMethodHandleAccessor.invoke(DirectMethodHandleAccessor.java:104)
at java.base/java.lang.reflect.Method.invoke(Method.java:578)
at org.testng.internal.invokers.MethodInvocationHelper.invokeMethod(MethodInvocationHelper.java:139)
at org.testng.internal.invokers.TestInvoker.invokeMethod(TestInvoker.java:677)
at org.testng.internal.invokers.TestInvoker.invokeTestMethod(TestInvoker.java:221)
at org.testng.internal.invokers.MethodRunner.runInSequence(MethodRunner.java:50)
at org.testng.internal.invokers.TestInvoker$MethodInvocationAgent.invoke(TestInvoker.java:969)
at org.testng.internal.invokers.TestInvoker.invokeTestMethods(TestInvoker.java:194)
at org.testng.internal.invokers.TestMethodWorker.invokeTestMethods(TestMethodWorker.java:148)
at org.testng.internal.invokers.TestMethodWorker.run(TestMethodWorker.java:128)
at java.base/java.util.ArrayList.forEach(ArrayList.java:1511)
at org.testng.TestRunner.privateRun(TestRunner.java:829)
at org.testng.TestRunner.run(TestRunner.java:602)
at org.testng.SuiteRunner.runTest(SuiteRunner.java:437)
at org.testng.SuiteRunner.runSequentially(SuiteRunner.java:431)
at org.testng.SuiteRunner.privateRun(SuiteRunner.java:391)
at org.testng.SuiteRunner.run(SuiteRunner.java:330)
at org.testng.SuiteRunnerWorker.runSuite(SuiteRunnerWorker.java:52)
at org.testng.SuiteRunnerWorker.run(SuiteRunnerWorker.java:95)
at org.testng.TestNG.runSuitesSequentially(TestNG.java:1256)
at org.testng.TestNG.runSuitesLocally(TestNG.java:1176)
at org.testng.TestNG.runSuites(TestNG.java:1099)
at org.testng.TestNG.run(TestNG.java:1067)
at org.testng.remote.AbstractRemoteTestNG.run(AbstractRemoteTestNG.java:115)
at org.testng.remote.RemoteTestNG.initAndRun(RemoteTestNG.java:251)
at org.testng.remote.RemoteTestNG.main(RemoteTestNG.java:77)
]]>
            </full-stacktrace>
          </exception> <!-- org.openqa.selenium.ElementNotInteractableException -->
          <reporter-output>
          </reporter-output>
        </test-method> <!-- LoginTest -->
        <test-method is-config="true" signature="tearDown()[pri:0, instance:testCase.TestCases@4c371370]" started-at="2023-01-30T10:38:14 BDT" name="tearDown" finished-at="2023-01-30T10:38:15 BDT" duration-ms="147" status="PASS">
          <reporter-output>
          </reporter-output>
        </test-method> <!-- tearDown -->
        <test-method is-config="true" signature="setUp()[pri:0, instance:testCase.TestCases@4c371370]" started-at="2023-01-30T10:38:15 BDT" name="setUp" finished-at="2023-01-30T10:38:21 BDT" duration-ms="6703" status="PASS">
          <reporter-output>
          </reporter-output>
        </test-method> <!-- setUp -->
        <test-method signature="LoginTest(java.lang.String,java.lang.String)[pri:0, instance:testCase.TestCases@4c371370]" started-at="2023-01-30T10:38:21 BDT" name="LoginTest" data-provider="testdata" finished-at="2023-01-30T10:38:39 BDT" duration-ms="18166" status="PASS">
          <params>
            <param index="0">
              <value>
                <![CDATA[rahmanrifat64@gmail.com]]>
              </value>
            </param>
            <param index="1">
              <value>
                <![CDATA[password123@M]]>
              </value>
            </param>
          </params>
          <reporter-output>
          </reporter-output>
        </test-method> <!-- LoginTest -->
        <test-method is-config="true" signature="tearDown()[pri:0, instance:testCase.TestCases@4c371370]" started-at="2023-01-30T10:38:39 BDT" name="tearDown" finished-at="2023-01-30T10:38:40 BDT" duration-ms="149" status="PASS">
          <reporter-output>
          </reporter-output>
        </test-method> <!-- tearDown -->
      </class> <!-- testCase.TestCases -->
    </test> <!-- Test -->
  </suite> <!-- Suite -->
</testng-results>
